<?xml version="1.0" encoding="UTF-8"?>
<!-- Generated by org.testng.reporters.JUnitXMLReporter -->
<testsuite ignored="2" hostname="HP-OMEN" failures="0" tests="1" name="Test1" time="2.256" errors="0" timestamp="2024-01-18T19:09:50 GMT">
  <testcase classname="tests.GoogleSearchPage_TestNG_Demo2" name="@AfterTest tearDownTest" time="0.0">
    <failure type="java.lang.NullPointerException" message="Cannot invoke &amp;quot;org.openqa.selenium.WebDriver.close()&amp;quot; because &amp;quot;tests.GoogleSearchPage_TestNG_Demo2.driver&amp;quot; is null">
      <![CDATA[java.lang.NullPointerException: Cannot invoke "org.openqa.selenium.WebDriver.close()" because "tests.GoogleSearchPage_TestNG_Demo2.driver" is null
at tests.GoogleSearchPage_TestNG_Demo2.tearDownTest(GoogleSearchPage_TestNG_Demo2.java:53)
... Removed 24 stack frames]]>
    </failure>
  </testcase> <!-- @AfterTest tearDownTest -->
  <testcase classname="tests.GoogleSearchPage_TestNG_Demo" name="googleSearchTest" time="2.101"/>
  <testcase classname="tests.GoogleSearchPage_TestNG_Demo2" name="googleSearchTest2" time="0.0">
    <ignored/>
  </testcase> <!-- googleSearchTest2 -->
  <testcase classname="tests.GoogleSearchPage_TestNG_Demo2" name="googleSearchTest3" time="0.0">
    <ignored/>
  </testcase> <!-- googleSearchTest3 -->
</testsuite> <!-- Test1 -->
