<?xml version="1.0" encoding="UTF-8"?>
<!-- Generated by org.testng.reporters.JUnitXMLReporter -->
<testsuite ignored="0" hostname="HP-OMEN" failures="0" tests="3" name="Test" time="7.045" errors="0" timestamp="2024-01-20T15:29:30 GMT">
  <testcase classname="tests.GoogleSearchPage_TestNG_Demo" name="googleSearchTest" time="3.078"/>
  <testcase classname="tests.GoogleSearchPage_TestNG_Demo2" name="googleSearchTest2" time="1.766"/>
  <testcase classname="tests.GoogleSearchPage_TestNG_Demo2" name="googleSearchTest3" time="1.846"/>
</testsuite> <!-- Test -->
