<?xml version="1.0" encoding="UTF-8"?>
<!-- Generated by org.testng.reporters.JUnitXMLReporter -->
<testsuite ignored="0" hostname="HP-OMEN" failures="0" tests="2" name="Default test" time="6.376" errors="0" timestamp="2024-03-12T18:37:22 GMT">
  <testcase classname="tests.DemoQAElementsTextBox_Test_TestNG" name="submitAllTextBoxesTest" time="0.384"/>
  <testcase classname="tests.DemoQAElementsTextBox_Test_TestNG" name="verifyEmailAddressFormatIsWrong" time="0.075"/>
</testsuite> <!-- Default test -->
