<?xml version="1.0" encoding="UTF-8"?>
<testng-results ignored="0" total="2" passed="2" failed="0" skipped="0">
  <reporter-output>
  </reporter-output>
  <suite started-at="2024-03-12T18:37:16 GMT" name="Default suite" finished-at="2024-03-12T18:37:22 GMT" duration-ms="6376">
    <groups>
    </groups>
    <test started-at="2024-03-12T18:37:16 GMT" name="Default test" finished-at="2024-03-12T18:37:22 GMT" duration-ms="6376">
      <class name="tests.DemoQAElementsTextBox_Test_TestNG">
        <test-method is-config="true" signature="setUpTest()[pri:0, instance:tests.DemoQAElementsTextBox_Test_TestNG@63376bed]" started-at="2024-03-12T18:37:16 GMT" name="setUpTest" finished-at="2024-03-12T18:37:21 GMT" duration-ms="5729" status="PASS">
          <reporter-output>
          </reporter-output>
        </test-method> <!-- setUpTest -->
        <test-method signature="submitAllTextBoxesTest()[pri:0, instance:tests.DemoQAElementsTextBox_Test_TestNG@63376bed]" started-at="2024-03-12T18:37:21 GMT" name="submitAllTextBoxesTest" finished-at="2024-03-12T18:37:22 GMT" duration-ms="384" status="PASS">
          <reporter-output>
          </reporter-output>
        </test-method> <!-- submitAllTextBoxesTest -->
        <test-method signature="verifyEmailAddressFormatIsWrong()[pri:0, instance:tests.DemoQAElementsTextBox_Test_TestNG@63376bed]" started-at="2024-03-12T18:37:22 GMT" name="verifyEmailAddressFormatIsWrong" finished-at="2024-03-12T18:37:22 GMT" duration-ms="75" status="PASS">
          <reporter-output>
          </reporter-output>
        </test-method> <!-- verifyEmailAddressFormatIsWrong -->
        <test-method is-config="true" signature="tearDownTest()[pri:0, instance:tests.DemoQAElementsTextBox_Test_TestNG@63376bed]" started-at="2024-03-12T18:37:22 GMT" name="tearDownTest" finished-at="2024-03-12T18:37:22 GMT" duration-ms="161" status="PASS">
          <reporter-output>
          </reporter-output>
        </test-method> <!-- tearDownTest -->
      </class> <!-- tests.DemoQAElementsTextBox_Test_TestNG -->
    </test> <!-- Default test -->
  </suite> <!-- Default suite -->
</testng-results>
