<?xml version="1.0" encoding="UTF-8"?>
<testng-results ignored="0" total="3" passed="3" failed="0" skipped="0">
  <reporter-output>
  </reporter-output>
  <suite started-at="2024-01-28T17:07:00 GMT" name="Suite" finished-at="2024-01-28T17:07:07 GMT" duration-ms="7223">
    <groups>
    </groups>
    <test started-at="2024-01-28T17:07:00 GMT" name="Test" finished-at="2024-01-28T17:07:07 GMT" duration-ms="7223">
      <class name="tests.GoogleSearchPage_TestNG_Demo">
        <test-method is-config="true" signature="setUpTest()[pri:0, instance:tests.GoogleSearchPage_TestNG_Demo@d86a6f]" started-at="2024-01-28T17:07:00 GMT" name="setUpTest" finished-at="2024-01-28T17:07:01 GMT" duration-ms="1271" status="PASS">
          <reporter-output>
          </reporter-output>
        </test-method> <!-- setUpTest -->
        <test-method signature="googleSearchTest()[pri:0, instance:tests.GoogleSearchPage_TestNG_Demo@d86a6f]" started-at="2024-01-28T17:07:01 GMT" name="googleSearchTest" finished-at="2024-01-28T17:07:03 GMT" duration-ms="1878" status="PASS">
          <reporter-output>
          </reporter-output>
        </test-method> <!-- googleSearchTest -->
        <test-method is-config="true" signature="tearDownTest()[pri:0, instance:tests.GoogleSearchPage_TestNG_Demo@d86a6f]" started-at="2024-01-28T17:07:07 GMT" name="tearDownTest" finished-at="2024-01-28T17:07:07 GMT" duration-ms="175" status="PASS">
          <reporter-output>
          </reporter-output>
        </test-method> <!-- tearDownTest -->
      </class> <!-- tests.GoogleSearchPage_TestNG_Demo -->
      <class name="tests.GoogleSearchPage_TestNG_Demo2">
        <test-method is-config="true" signature="setUpTest()[pri:0, instance:tests.GoogleSearchPage_TestNG_Demo2@2a7f1f10]" started-at="2024-01-28T17:07:01 GMT" name="setUpTest" finished-at="2024-01-28T17:07:01 GMT" duration-ms="0" status="PASS">
          <reporter-output>
          </reporter-output>
        </test-method> <!-- setUpTest -->
        <test-method signature="googleSearchTest2()[pri:0, instance:tests.GoogleSearchPage_TestNG_Demo2@2a7f1f10]" started-at="2024-01-28T17:07:03 GMT" name="googleSearchTest2" finished-at="2024-01-28T17:07:05 GMT" duration-ms="2009" status="PASS">
          <reporter-output>
          </reporter-output>
        </test-method> <!-- googleSearchTest2 -->
        <test-method signature="googleSearchTest3()[pri:0, instance:tests.GoogleSearchPage_TestNG_Demo2@2a7f1f10]" started-at="2024-01-28T17:07:05 GMT" name="googleSearchTest3" finished-at="2024-01-28T17:07:07 GMT" duration-ms="1726" status="PASS">
          <reporter-output>
          </reporter-output>
        </test-method> <!-- googleSearchTest3 -->
        <test-method is-config="true" signature="tearDownTest()[pri:0, instance:tests.GoogleSearchPage_TestNG_Demo2@2a7f1f10]" started-at="2024-01-28T17:07:07 GMT" name="tearDownTest" finished-at="2024-01-28T17:07:07 GMT" duration-ms="139" status="PASS">
          <reporter-output>
          </reporter-output>
        </test-method> <!-- tearDownTest -->
      </class> <!-- tests.GoogleSearchPage_TestNG_Demo2 -->
    </test> <!-- Test -->
  </suite> <!-- Suite -->
</testng-results>
